This file contains any messages produced by compilers while
running configure, to aid debugging if configure makes a mistake.

It was created by ltrace configure 0.7.3, which was
generated by GNU Autoconf 2.68.  Invocation command line was

  $ ./configure 

## --------- ##
## Platform. ##
## --------- ##

hostname = universalpackagemanager-pc
uname -m = x86_64
uname -r = 4.12.4-1-CHAKRA
uname -s = Linux
uname -v = #1 SMP PREEMPT Tue Aug 1 18:19:44 CEST 2017

/usr/bin/uname -p = unknown
/bin/uname -X     = unknown

/bin/arch              = unknown
/usr/bin/arch -k       = unknown
/usr/convex/getsysinfo = unknown
/usr/bin/hostinfo      = unknown
/bin/machine           = unknown
/usr/bin/oslevel       = unknown
/bin/universe          = unknown

PATH: /usr/local/bin
PATH: /usr/bin
PATH: /bin
PATH: /usr/local/sbin
PATH: /usr/sbin
PATH: /sbin
PATH: /usr/bin/core_perl


## ----------- ##
## Core tests. ##
## ----------- ##

configure:2476: checking build system type
configure:2490: result: x86_64-unknown-linux-gnu
configure:2510: checking host system type
configure:2523: result: x86_64-unknown-linux-gnu
configure:2612: checking for gcc
configure:2628: found /usr/bin/gcc
configure:2639: result: gcc
configure:2868: checking for C compiler version
configure:2877: gcc --version >&5
gcc (GCC) 6.3.1 20170306
Copyright (C) 2016 Free Software Foundation, Inc.
This is free software; see the source for copying conditions.  There is NO
warranty; not even for MERCHANTABILITY or FITNESS FOR A PARTICULAR PURPOSE.

configure:2888: $? = 0
configure:2877: gcc -v >&5
Using built-in specs.
COLLECT_GCC=gcc
COLLECT_LTO_WRAPPER=/usr/lib/gcc/x86_64-pc-linux-gnu/6.3.1/lto-wrapper
Target: x86_64-pc-linux-gnu
Configured with: /chakra/core/gcc/src/gcc/configure --prefix=/usr --libdir=/usr/lib --libexecdir=/usr/lib --mandir=/usr/share/man --infodir=/usr/share/info --with-bugurl=https://chakraos.org/bugtracker --enable-languages=c,c++,ada,fortran,go,lto,objc,obj-c++ --enable-shared --enable-threads=posix --enable-libmpx --with-system-zlib --with-isl --enable-__cxa_atexit --disable-libunwind-exceptions --enable-clocale=gnu --disable-libstdcxx-pch --disable-libssp --enable-gnu-unique-object --enable-linker-build-id --enable-lto --enable-plugin --enable-install-libiberty --with-linker-hash-style=gnu --enable-gnu-indirect-function --enable-multilib --disable-werror --enable-checking=release --with-default-libstdcxx-abi=gcc4-compatible
Thread model: posix
gcc version 6.3.1 20170306 (GCC) 
configure:2888: $? = 0
configure:2877: gcc -V >&5
gcc: error: unrecognized command line option '-V'
gcc: fatal error: no input files
compilation terminated.
configure:2888: $? = 1
configure:2877: gcc -qversion >&5
gcc: error: unrecognized command line option '-qversion'; did you mean '--version'?
gcc: fatal error: no input files
compilation terminated.
configure:2888: $? = 1
configure:2908: checking whether the C compiler works
configure:2930: gcc    conftest.c  >&5
configure:2934: $? = 0
configure:2982: result: yes
configure:2985: checking for C compiler default output file name
configure:2987: result: a.out
configure:2993: checking for suffix of executables
configure:3000: gcc -o conftest    conftest.c  >&5
configure:3004: $? = 0
configure:3026: result: 
configure:3048: checking whether we are cross compiling
configure:3056: gcc -o conftest    conftest.c  >&5
configure:3060: $? = 0
configure:3067: ./conftest
configure:3071: $? = 0
configure:3086: result: no
configure:3091: checking for suffix of object files
configure:3113: gcc -c   conftest.c >&5
configure:3117: $? = 0
configure:3138: result: o
configure:3142: checking whether we are using the GNU C compiler
configure:3161: gcc -c   conftest.c >&5
configure:3161: $? = 0
configure:3170: result: yes
configure:3179: checking whether gcc accepts -g
configure:3199: gcc -c -g  conftest.c >&5
configure:3199: $? = 0
configure:3240: result: yes
configure:3257: checking for gcc option to accept ISO C89
configure:3321: gcc  -c -g -O2  conftest.c >&5
configure:3321: $? = 0
configure:3334: result: none needed
configure:3400: checking how to print strings
configure:3427: result: printf
configure:3448: checking for a sed that does not truncate output
configure:3512: result: /usr/bin/sed
configure:3530: checking for grep that handles long lines and -e
configure:3588: result: /usr/bin/grep
configure:3593: checking for egrep
configure:3655: result: /usr/bin/grep -E
configure:3660: checking for fgrep
configure:3722: result: /usr/bin/grep -F
configure:3757: checking for ld used by gcc
configure:3824: result: /usr/bin/ld
configure:3831: checking if the linker (/usr/bin/ld) is GNU ld
configure:3846: result: yes
configure:3858: checking for BSD- or MS-compatible name lister (nm)
configure:3907: result: /usr/bin/nm -B
configure:4037: checking the name lister (/usr/bin/nm -B) interface
configure:4044: gcc -c -g -O2  conftest.c >&5
configure:4047: /usr/bin/nm -B "conftest.o"
configure:4050: output
0000000000000000 B some_variable
configure:4057: result: BSD nm
configure:4060: checking whether ln -s works
configure:4064: result: yes
configure:4072: checking the maximum length of command line arguments
configure:4197: result: 1572864
configure:4214: checking whether the shell understands some XSI constructs
configure:4224: result: yes
configure:4228: checking whether the shell understands "+="
configure:4234: result: yes
configure:4269: checking how to convert x86_64-unknown-linux-gnu file names to x86_64-unknown-linux-gnu format
configure:4309: result: func_convert_file_noop
configure:4316: checking how to convert x86_64-unknown-linux-gnu file names to toolchain format
configure:4336: result: func_convert_file_noop
configure:4343: checking for /usr/bin/ld option to reload object files
configure:4350: result: -r
configure:4424: checking for objdump
configure:4440: found /usr/bin/objdump
configure:4451: result: objdump
configure:4483: checking how to recognize dependent libraries
configure:4685: result: pass_all
configure:4770: checking for dlltool
configure:4800: result: no
configure:4830: checking how to associate runtime and link libraries
configure:4857: result: printf %s\n
configure:4918: checking for ar
configure:4934: found /usr/bin/ar
configure:4945: result: ar
configure:4982: checking for archiver @FILE support
configure:4999: gcc -c -g -O2  conftest.c >&5
configure:4999: $? = 0
configure:5002: ar cru libconftest.a @conftest.lst >&5
ar: `u' modifier ignored since `D' is the default (see `U')
configure:5005: $? = 0
configure:5010: ar cru libconftest.a @conftest.lst >&5
ar: `u' modifier ignored since `D' is the default (see `U')
ar: conftest.o: No such file or directory
configure:5013: $? = 1
configure:5025: result: @
configure:5083: checking for strip
configure:5099: found /usr/bin/strip
configure:5110: result: strip
configure:5182: checking for ranlib
configure:5198: found /usr/bin/ranlib
configure:5209: result: ranlib
configure:5286: checking for gawk
configure:5302: found /usr/bin/gawk
configure:5313: result: gawk
configure:5353: checking command to parse /usr/bin/nm -B output from gcc object
configure:5472: gcc -c -g -O2  conftest.c >&5
configure:5475: $? = 0
configure:5479: /usr/bin/nm -B conftest.o \| sed -n -e 's/^.*[ ]\([ABCDGIRSTW][ABCDGIRSTW]*\)[ ][ ]*\([_A-Za-z][_A-Za-z0-9]*\)$/\1 \2 \2/p' | sed '/ __gnu_lto/d' \> conftest.nm
configure:5482: $? = 0
configure:5548: gcc -o conftest -g -O2   conftest.c conftstm.o >&5
configure:5551: $? = 0
configure:5589: result: ok
configure:5626: checking for sysroot
configure:5656: result: no
configure:5733: gcc -c -g -O2  conftest.c >&5
configure:5736: $? = 0
configure:5899: checking for mt
configure:5929: result: no
configure:5949: checking if : is a manifest tool
configure:5955: : '-?'
configure:5963: result: no
configure:6595: checking how to run the C preprocessor
configure:6626: gcc -E  conftest.c
configure:6626: $? = 0
configure:6640: gcc -E  conftest.c
conftest.c:9:28: fatal error: ac_nonexistent.h: No such file or directory
 #include <ac_nonexistent.h>
                            ^
compilation terminated.
configure:6640: $? = 1
configure: failed program was:
| /* confdefs.h */
| #define PACKAGE_NAME "ltrace"
| #define PACKAGE_TARNAME "ltrace"
| #define PACKAGE_VERSION "0.7.3"
| #define PACKAGE_STRING "ltrace 0.7.3"
| #define PACKAGE_BUGREPORT "ltrace-devel@lists.alioth.debian.org"
| #define PACKAGE_URL ""
| /* end confdefs.h.  */
| #include <ac_nonexistent.h>
configure:6665: result: gcc -E
configure:6685: gcc -E  conftest.c
configure:6685: $? = 0
configure:6699: gcc -E  conftest.c
conftest.c:9:28: fatal error: ac_nonexistent.h: No such file or directory
 #include <ac_nonexistent.h>
                            ^
compilation terminated.
configure:6699: $? = 1
configure: failed program was:
| /* confdefs.h */
| #define PACKAGE_NAME "ltrace"
| #define PACKAGE_TARNAME "ltrace"
| #define PACKAGE_VERSION "0.7.3"
| #define PACKAGE_STRING "ltrace 0.7.3"
| #define PACKAGE_BUGREPORT "ltrace-devel@lists.alioth.debian.org"
| #define PACKAGE_URL ""
| /* end confdefs.h.  */
| #include <ac_nonexistent.h>
configure:6728: checking for ANSI C header files
configure:6748: gcc -c -g -O2  conftest.c >&5
configure:6748: $? = 0
configure:6821: gcc -o conftest -g -O2   conftest.c  >&5
configure:6821: $? = 0
configure:6821: ./conftest
configure:6821: $? = 0
configure:6832: result: yes
configure:6845: checking for sys/types.h
configure:6845: gcc -c -g -O2  conftest.c >&5
configure:6845: $? = 0
configure:6845: result: yes
configure:6845: checking for sys/stat.h
configure:6845: gcc -c -g -O2  conftest.c >&5
configure:6845: $? = 0
configure:6845: result: yes
configure:6845: checking for stdlib.h
configure:6845: gcc -c -g -O2  conftest.c >&5
configure:6845: $? = 0
configure:6845: result: yes
configure:6845: checking for string.h
configure:6845: gcc -c -g -O2  conftest.c >&5
configure:6845: $? = 0
configure:6845: result: yes
configure:6845: checking for memory.h
configure:6845: gcc -c -g -O2  conftest.c >&5
configure:6845: $? = 0
configure:6845: result: yes
configure:6845: checking for strings.h
configure:6845: gcc -c -g -O2  conftest.c >&5
configure:6845: $? = 0
configure:6845: result: yes
configure:6845: checking for inttypes.h
configure:6845: gcc -c -g -O2  conftest.c >&5
configure:6845: $? = 0
configure:6845: result: yes
configure:6845: checking for stdint.h
configure:6845: gcc -c -g -O2  conftest.c >&5
configure:6845: $? = 0
configure:6845: result: yes
configure:6845: checking for unistd.h
configure:6845: gcc -c -g -O2  conftest.c >&5
configure:6845: $? = 0
configure:6845: result: yes
configure:6859: checking for dlfcn.h
configure:6859: gcc -c -g -O2  conftest.c >&5
configure:6859: $? = 0
configure:6859: result: yes
configure:7046: checking for objdir
configure:7061: result: .libs
configure:7332: checking if gcc supports -fno-rtti -fno-exceptions
configure:7350: gcc -c -g -O2  -fno-rtti -fno-exceptions conftest.c >&5
cc1: warning: command line option '-fno-rtti' is valid for C++/ObjC++ but not for C
configure:7354: $? = 0
configure:7367: result: no
configure:7677: checking for gcc option to produce PIC
configure:7684: result: -fPIC -DPIC
configure:7692: checking if gcc PIC flag -fPIC -DPIC works
configure:7710: gcc -c -g -O2  -fPIC -DPIC -DPIC conftest.c >&5
configure:7714: $? = 0
configure:7727: result: yes
configure:7756: checking if gcc static flag -static works
configure:7784: result: yes
configure:7799: checking if gcc supports -c -o file.o
configure:7820: gcc -c -g -O2  -o out/conftest2.o conftest.c >&5
configure:7824: $? = 0
configure:7846: result: yes
configure:7854: checking if gcc supports -c -o file.o
configure:7901: result: yes
configure:7934: checking whether the gcc linker (/usr/bin/ld -m elf_x86_64) supports shared libraries
configure:9092: result: yes
configure:9129: checking whether -lc should be explicitly linked in
configure:9137: gcc -c -g -O2  conftest.c >&5
configure:9140: $? = 0
configure:9155: gcc -shared  -fPIC -DPIC conftest.o  -v -Wl,-soname -Wl,conftest -o conftest 2\>\&1 \| /usr/bin/grep  -lc  \>/dev/null 2\>\&1
configure:9158: $? = 0
configure:9172: result: no
configure:9337: checking dynamic linker characteristics
configure:9851: gcc -o conftest -g -O2   -Wl,-rpath -Wl,/foo conftest.c  >&5
configure:9851: $? = 0
configure:10077: result: GNU/Linux ld.so
configure:10184: checking how to hardcode library paths into programs
configure:10209: result: immediate
configure:10749: checking whether stripping libraries is possible
configure:10754: result: yes
configure:10789: checking if libtool supports shared libraries
configure:10791: result: yes
configure:10794: checking whether to build shared libraries
configure:10815: result: yes
configure:10818: checking whether to build static libraries
configure:10822: result: yes
configure:10874: checking for a BSD-compatible install
configure:10942: result: /usr/bin/install -c
configure:10953: checking whether build environment is sane
configure:11003: result: yes
configure:11144: checking for a thread-safe mkdir -p
configure:11183: result: /usr/bin/mkdir -p
configure:11192: checking whether make sets $(MAKE)
configure:11214: result: yes
configure:11244: checking for style of include used by make
configure:11272: result: GNU
configure:11357: checking dependency style of gcc
configure:11467: result: gcc3
configure:11484: checking whether to enable maintainer-specific portions of Makefiles
configure:11493: result: no
configure:11536: checking elf.h usability
configure:11536: gcc -c -g -O2   conftest.c >&5
configure:11536: $? = 0
configure:11536: result: yes
configure:11536: checking elf.h presence
configure:11536: gcc -E   conftest.c
configure:11536: $? = 0
configure:11536: result: yes
configure:11536: checking for elf.h
configure:11536: result: yes
configure:11536: checking gelf.h usability
configure:11536: gcc -c -g -O2   conftest.c >&5
configure:11536: $? = 0
configure:11536: result: yes
configure:11536: checking gelf.h presence
configure:11536: gcc -E   conftest.c
configure:11536: $? = 0
configure:11536: result: yes
configure:11536: checking for gelf.h
configure:11536: result: yes
configure:11549: checking for elf_begin in -lelf
configure:11574: gcc -o conftest -g -O2     conftest.c -lelf   >&5
configure:11574: $? = 0
configure:11583: result: yes
configure:11602: checking for cplus_demangle in -liberty
configure:11627: gcc -o conftest -g -O2   conftest.c -liberty  -lelf  >&5
configure:11627: $? = 0
configure:11636: result: yes
configure:11653: checking for __cxa_demangle in -lsupc++
configure:11678: gcc -o conftest -g -O2   conftest.c -lsupc++  -lelf  >&5
configure:11678: $? = 0
configure:11687: result: yes
configure:11704: checking for __cxa_demangle in -lstdc++
configure:11729: gcc -o conftest -g -O2   conftest.c -lstdc++  -lelf  >&5
configure:11729: $? = 0
configure:11738: result: yes
configure:11756: checking selinux/selinux.h usability
configure:11756: gcc -c -g -O2  conftest.c >&5
conftest.c:62:29: fatal error: selinux/selinux.h: No such file or directory
 #include <selinux/selinux.h>
                             ^
compilation terminated.
configure:11756: $? = 1
configure: failed program was:
| /* confdefs.h */
| #define PACKAGE_NAME "ltrace"
| #define PACKAGE_TARNAME "ltrace"
| #define PACKAGE_VERSION "0.7.3"
| #define PACKAGE_STRING "ltrace 0.7.3"
| #define PACKAGE_BUGREPORT "ltrace-devel@lists.alioth.debian.org"
| #define PACKAGE_URL ""
| #define STDC_HEADERS 1
| #define HAVE_SYS_TYPES_H 1
| #define HAVE_SYS_STAT_H 1
| #define HAVE_STDLIB_H 1
| #define HAVE_STRING_H 1
| #define HAVE_MEMORY_H 1
| #define HAVE_STRINGS_H 1
| #define HAVE_INTTYPES_H 1
| #define HAVE_STDINT_H 1
| #define HAVE_UNISTD_H 1
| #define HAVE_DLFCN_H 1
| #define LT_OBJDIR ".libs/"
| #define PACKAGE "ltrace"
| #define VERSION "0.7.3"
| #define HAVE_ELF_H 1
| #define HAVE_GELF_H 1
| #define HAVE_LIBELF 1
| #define HAVE_LIBIBERTY 1
| #define HAVE_LIBSUPC__ 1
| #define HAVE_LIBSTDC__ 1
| /* end confdefs.h.  */
| #include <stdio.h>
| #ifdef HAVE_SYS_TYPES_H
| # include <sys/types.h>
| #endif
| #ifdef HAVE_SYS_STAT_H
| # include <sys/stat.h>
| #endif
| #ifdef STDC_HEADERS
| # include <stdlib.h>
| # include <stddef.h>
| #else
| # ifdef HAVE_STDLIB_H
| #  include <stdlib.h>
| # endif
| #endif
| #ifdef HAVE_STRING_H
| # if !defined STDC_HEADERS && defined HAVE_MEMORY_H
| #  include <memory.h>
| # endif
| # include <string.h>
| #endif
| #ifdef HAVE_STRINGS_H
| # include <strings.h>
| #endif
| #ifdef HAVE_INTTYPES_H
| # include <inttypes.h>
| #endif
| #ifdef HAVE_STDINT_H
| # include <stdint.h>
| #endif
| #ifdef HAVE_UNISTD_H
| # include <unistd.h>
| #endif
| #include <selinux/selinux.h>
configure:11756: result: no
configure:11756: checking selinux/selinux.h presence
configure:11756: gcc -E  conftest.c
conftest.c:29:29: fatal error: selinux/selinux.h: No such file or directory
 #include <selinux/selinux.h>
                             ^
compilation terminated.
configure:11756: $? = 1
configure: failed program was:
| /* confdefs.h */
| #define PACKAGE_NAME "ltrace"
| #define PACKAGE_TARNAME "ltrace"
| #define PACKAGE_VERSION "0.7.3"
| #define PACKAGE_STRING "ltrace 0.7.3"
| #define PACKAGE_BUGREPORT "ltrace-devel@lists.alioth.debian.org"
| #define PACKAGE_URL ""
| #define STDC_HEADERS 1
| #define HAVE_SYS_TYPES_H 1
| #define HAVE_SYS_STAT_H 1
| #define HAVE_STDLIB_H 1
| #define HAVE_STRING_H 1
| #define HAVE_MEMORY_H 1
| #define HAVE_STRINGS_H 1
| #define HAVE_INTTYPES_H 1
| #define HAVE_STDINT_H 1
| #define HAVE_UNISTD_H 1
| #define HAVE_DLFCN_H 1
| #define LT_OBJDIR ".libs/"
| #define PACKAGE "ltrace"
| #define VERSION "0.7.3"
| #define HAVE_ELF_H 1
| #define HAVE_GELF_H 1
| #define HAVE_LIBELF 1
| #define HAVE_LIBIBERTY 1
| #define HAVE_LIBSUPC__ 1
| #define HAVE_LIBSTDC__ 1
| /* end confdefs.h.  */
| #include <selinux/selinux.h>
configure:11756: result: no
configure:11756: checking for selinux/selinux.h
configure:11756: result: no
configure:11766: checking for security_get_boolean_active in -lselinux
configure:11791: gcc -o conftest -g -O2   conftest.c -lselinux  -lelf  >&5
/usr/bin/ld: cannot find -lselinux
collect2: error: ld returned 1 exit status
configure:11791: $? = 1
configure: failed program was:
| /* confdefs.h */
| #define PACKAGE_NAME "ltrace"
| #define PACKAGE_TARNAME "ltrace"
| #define PACKAGE_VERSION "0.7.3"
| #define PACKAGE_STRING "ltrace 0.7.3"
| #define PACKAGE_BUGREPORT "ltrace-devel@lists.alioth.debian.org"
| #define PACKAGE_URL ""
| #define STDC_HEADERS 1
| #define HAVE_SYS_TYPES_H 1
| #define HAVE_SYS_STAT_H 1
| #define HAVE_STDLIB_H 1
| #define HAVE_STRING_H 1
| #define HAVE_MEMORY_H 1
| #define HAVE_STRINGS_H 1
| #define HAVE_INTTYPES_H 1
| #define HAVE_STDINT_H 1
| #define HAVE_UNISTD_H 1
| #define HAVE_DLFCN_H 1
| #define LT_OBJDIR ".libs/"
| #define PACKAGE "ltrace"
| #define VERSION "0.7.3"
| #define HAVE_ELF_H 1
| #define HAVE_GELF_H 1
| #define HAVE_LIBELF 1
| #define HAVE_LIBIBERTY 1
| #define HAVE_LIBSUPC__ 1
| #define HAVE_LIBSTDC__ 1
| /* end confdefs.h.  */
| 
| /* Override any GCC internal prototype to avoid an error.
|    Use char because int might match the return type of a GCC
|    builtin and then its argument prototype would still apply.  */
| #ifdef __cplusplus
| extern "C"
| #endif
| char security_get_boolean_active ();
| int
| main ()
| {
| return security_get_boolean_active ();
|   ;
|   return 0;
| }
configure:11800: result: no
configure:11834: checking libunwind.h usability
configure:11834: gcc -c -g -O2   conftest.c >&5
configure:11834: $? = 0
configure:11834: result: yes
configure:11834: checking libunwind.h presence
configure:11834: gcc -E   conftest.c
configure:11834: $? = 0
configure:11834: result: yes
configure:11834: checking for libunwind.h
configure:11834: result: yes
configure:11846: checking libunwind-ptrace.h usability
configure:11846: gcc -c -g -O2   conftest.c >&5
configure:11846: $? = 0
configure:11846: result: yes
configure:11846: checking libunwind-ptrace.h presence
configure:11846: gcc -E   conftest.c
configure:11846: $? = 0
configure:11846: result: yes
configure:11846: checking for libunwind-ptrace.h
configure:11846: result: yes
configure:11858: checking whether to use libunwind support
configure:11874: result: yes
configure:11889: checking for backtrace in -lunwind
configure:11914: gcc -o conftest -g -O2    conftest.c -lunwind  -lelf  >&5
configure:11914: $? = 0
configure:11923: result: yes
configure:11933: checking for _Ux86_64_init_remote in -lunwind-x86_64
configure:11958: gcc -o conftest -g -O2    conftest.c -lunwind-x86_64 -lunwind -lelf  >&5
configure:11958: $? = 0
configure:11968: result: yes
configure:11977: checking for _UPT_create in -lunwind-ptrace
configure:12002: gcc -o conftest -g -O2    conftest.c -lunwind-ptrace -lunwind-x86_64 -lunwind -lelf  >&5
configure:12002: $? = 0
configure:12011: result: yes
configure:12033: checking whether elf_begin accepts ELF_C_READ_MMAP
configure:12051: gcc -c -g -O2   conftest.c >&5
configure:12051: $? = 0
configure:12056: result: yes
configure:12067: checking whether elf_hash takes a char* argument
configure:12082: gcc -c -g -O2 -Wall -Werror   conftest.c >&5
configure:12082: $? = 0
configure:12086: result: yes
configure:12120: checking fcntl.h usability
configure:12120: gcc -c -g -O2  conftest.c >&5
configure:12120: $? = 0
configure:12120: result: yes
configure:12120: checking fcntl.h presence
configure:12120: gcc -E  conftest.c
configure:12120: $? = 0
configure:12120: result: yes
configure:12120: checking for fcntl.h
configure:12120: result: yes
configure:12120: checking limits.h usability
configure:12120: gcc -c -g -O2  conftest.c >&5
configure:12120: $? = 0
configure:12120: result: yes
configure:12120: checking limits.h presence
configure:12120: gcc -E  conftest.c
configure:12120: $? = 0
configure:12120: result: yes
configure:12120: checking for limits.h
configure:12120: result: yes
configure:12120: checking stddef.h usability
configure:12120: gcc -c -g -O2  conftest.c >&5
configure:12120: $? = 0
configure:12120: result: yes
configure:12120: checking stddef.h presence
configure:12120: gcc -E  conftest.c
configure:12120: $? = 0
configure:12120: result: yes
configure:12120: checking for stddef.h
configure:12120: result: yes
configure:12120: checking for stdint.h
configure:12120: result: yes
configure:12120: checking for stdlib.h
configure:12120: result: yes
configure:12120: checking for string.h
configure:12120: result: yes
configure:12120: checking sys/ioctl.h usability
configure:12120: gcc -c -g -O2  conftest.c >&5
configure:12120: $? = 0
configure:12120: result: yes
configure:12120: checking sys/ioctl.h presence
configure:12120: gcc -E  conftest.c
configure:12120: $? = 0
configure:12120: result: yes
configure:12120: checking for sys/ioctl.h
configure:12120: result: yes
configure:12120: checking sys/param.h usability
configure:12120: gcc -c -g -O2  conftest.c >&5
configure:12120: $? = 0
configure:12120: result: yes
configure:12120: checking sys/param.h presence
configure:12120: gcc -E  conftest.c
configure:12120: $? = 0
configure:12120: result: yes
configure:12120: checking for sys/param.h
configure:12120: result: yes
configure:12120: checking sys/time.h usability
configure:12120: gcc -c -g -O2  conftest.c >&5
configure:12120: $? = 0
configure:12120: result: yes
configure:12120: checking sys/time.h presence
configure:12120: gcc -E  conftest.c
configure:12120: $? = 0
configure:12120: result: yes
configure:12120: checking for sys/time.h
configure:12120: result: yes
configure:12120: checking for unistd.h
configure:12120: result: yes
configure:12132: checking for uid_t in sys/types.h
configure:12151: result: yes
configure:12162: checking for inline
configure:12178: gcc -c -g -O2  conftest.c >&5
configure:12178: $? = 0
configure:12186: result: inline
configure:12204: checking for pid_t
configure:12204: gcc -c -g -O2  conftest.c >&5
configure:12204: $? = 0
configure:12204: gcc -c -g -O2  conftest.c >&5
conftest.c: In function 'main':
conftest.c:80:20: error: expected expression before ')' token
 if (sizeof ((pid_t)))
                    ^
configure:12204: $? = 1
configure: failed program was:
| /* confdefs.h */
| #define PACKAGE_NAME "ltrace"
| #define PACKAGE_TARNAME "ltrace"
| #define PACKAGE_VERSION "0.7.3"
| #define PACKAGE_STRING "ltrace 0.7.3"
| #define PACKAGE_BUGREPORT "ltrace-devel@lists.alioth.debian.org"
| #define PACKAGE_URL ""
| #define STDC_HEADERS 1
| #define HAVE_SYS_TYPES_H 1
| #define HAVE_SYS_STAT_H 1
| #define HAVE_STDLIB_H 1
| #define HAVE_STRING_H 1
| #define HAVE_MEMORY_H 1
| #define HAVE_STRINGS_H 1
| #define HAVE_INTTYPES_H 1
| #define HAVE_STDINT_H 1
| #define HAVE_UNISTD_H 1
| #define HAVE_DLFCN_H 1
| #define LT_OBJDIR ".libs/"
| #define PACKAGE "ltrace"
| #define VERSION "0.7.3"
| #define HAVE_ELF_H 1
| #define HAVE_GELF_H 1
| #define HAVE_LIBELF 1
| #define HAVE_LIBIBERTY 1
| #define HAVE_LIBSUPC__ 1
| #define HAVE_LIBSTDC__ 1
| #define HAVE_LIBUNWIND_H 1
| #define HAVE_LIBUNWIND_PTRACE_H 1
| #define HAVE_LIBUNWIND 1
| #define HAVE_ELF_C_READ_MMAP 1
| #define ELF_HASH_TAKES_CHARP 1
| #define HAVE_FCNTL_H 1
| #define HAVE_LIMITS_H 1
| #define HAVE_STDDEF_H 1
| #define HAVE_STDINT_H 1
| #define HAVE_STDLIB_H 1
| #define HAVE_STRING_H 1
| #define HAVE_SYS_IOCTL_H 1
| #define HAVE_SYS_PARAM_H 1
| #define HAVE_SYS_TIME_H 1
| #define HAVE_UNISTD_H 1
| /* end confdefs.h.  */
| #include <stdio.h>
| #ifdef HAVE_SYS_TYPES_H
| # include <sys/types.h>
| #endif
| #ifdef HAVE_SYS_STAT_H
| # include <sys/stat.h>
| #endif
| #ifdef STDC_HEADERS
| # include <stdlib.h>
| # include <stddef.h>
| #else
| # ifdef HAVE_STDLIB_H
| #  include <stdlib.h>
| # endif
| #endif
| #ifdef HAVE_STRING_H
| # if !defined STDC_HEADERS && defined HAVE_MEMORY_H
| #  include <memory.h>
| # endif
| # include <string.h>
| #endif
| #ifdef HAVE_STRINGS_H
| # include <strings.h>
| #endif
| #ifdef HAVE_INTTYPES_H
| # include <inttypes.h>
| #endif
| #ifdef HAVE_STDINT_H
| # include <stdint.h>
| #endif
| #ifdef HAVE_UNISTD_H
| # include <unistd.h>
| #endif
| int
| main ()
| {
| if (sizeof ((pid_t)))
| 	    return 0;
|   ;
|   return 0;
| }
configure:12204: result: yes
configure:12215: checking for size_t
configure:12215: gcc -c -g -O2  conftest.c >&5
configure:12215: $? = 0
configure:12215: gcc -c -g -O2  conftest.c >&5
conftest.c: In function 'main':
conftest.c:80:21: error: expected expression before ')' token
 if (sizeof ((size_t)))
                     ^
configure:12215: $? = 1
configure: failed program was:
| /* confdefs.h */
| #define PACKAGE_NAME "ltrace"
| #define PACKAGE_TARNAME "ltrace"
| #define PACKAGE_VERSION "0.7.3"
| #define PACKAGE_STRING "ltrace 0.7.3"
| #define PACKAGE_BUGREPORT "ltrace-devel@lists.alioth.debian.org"
| #define PACKAGE_URL ""
| #define STDC_HEADERS 1
| #define HAVE_SYS_TYPES_H 1
| #define HAVE_SYS_STAT_H 1
| #define HAVE_STDLIB_H 1
| #define HAVE_STRING_H 1
| #define HAVE_MEMORY_H 1
| #define HAVE_STRINGS_H 1
| #define HAVE_INTTYPES_H 1
| #define HAVE_STDINT_H 1
| #define HAVE_UNISTD_H 1
| #define HAVE_DLFCN_H 1
| #define LT_OBJDIR ".libs/"
| #define PACKAGE "ltrace"
| #define VERSION "0.7.3"
| #define HAVE_ELF_H 1
| #define HAVE_GELF_H 1
| #define HAVE_LIBELF 1
| #define HAVE_LIBIBERTY 1
| #define HAVE_LIBSUPC__ 1
| #define HAVE_LIBSTDC__ 1
| #define HAVE_LIBUNWIND_H 1
| #define HAVE_LIBUNWIND_PTRACE_H 1
| #define HAVE_LIBUNWIND 1
| #define HAVE_ELF_C_READ_MMAP 1
| #define ELF_HASH_TAKES_CHARP 1
| #define HAVE_FCNTL_H 1
| #define HAVE_LIMITS_H 1
| #define HAVE_STDDEF_H 1
| #define HAVE_STDINT_H 1
| #define HAVE_STDLIB_H 1
| #define HAVE_STRING_H 1
| #define HAVE_SYS_IOCTL_H 1
| #define HAVE_SYS_PARAM_H 1
| #define HAVE_SYS_TIME_H 1
| #define HAVE_UNISTD_H 1
| /* end confdefs.h.  */
| #include <stdio.h>
| #ifdef HAVE_SYS_TYPES_H
| # include <sys/types.h>
| #endif
| #ifdef HAVE_SYS_STAT_H
| # include <sys/stat.h>
| #endif
| #ifdef STDC_HEADERS
| # include <stdlib.h>
| # include <stddef.h>
| #else
| # ifdef HAVE_STDLIB_H
| #  include <stdlib.h>
| # endif
| #endif
| #ifdef HAVE_STRING_H
| # if !defined STDC_HEADERS && defined HAVE_MEMORY_H
| #  include <memory.h>
| # endif
| # include <string.h>
| #endif
| #ifdef HAVE_STRINGS_H
| # include <strings.h>
| #endif
| #ifdef HAVE_INTTYPES_H
| # include <inttypes.h>
| #endif
| #ifdef HAVE_STDINT_H
| # include <stdint.h>
| #endif
| #ifdef HAVE_UNISTD_H
| # include <unistd.h>
| #endif
| int
| main ()
| {
| if (sizeof ((size_t)))
| 	    return 0;
|   ;
|   return 0;
| }
configure:12215: result: yes
configure:12230: checking size of long
configure:12235: gcc -o conftest -g -O2   conftest.c -lelf  >&5
configure:12235: $? = 0
configure:12235: ./conftest
configure:12235: $? = 0
configure:12249: result: 8
configure:12262: checking for error_at_line
configure:12278: gcc -o conftest -g -O2   conftest.c -lelf  >&5
configure:12278: $? = 0
configure:12286: result: yes
configure:12299: checking vfork.h usability
configure:12299: gcc -c -g -O2  conftest.c >&5
conftest.c:78:19: fatal error: vfork.h: No such file or directory
 #include <vfork.h>
                   ^
compilation terminated.
configure:12299: $? = 1
configure: failed program was:
| /* confdefs.h */
| #define PACKAGE_NAME "ltrace"
| #define PACKAGE_TARNAME "ltrace"
| #define PACKAGE_VERSION "0.7.3"
| #define PACKAGE_STRING "ltrace 0.7.3"
| #define PACKAGE_BUGREPORT "ltrace-devel@lists.alioth.debian.org"
| #define PACKAGE_URL ""
| #define STDC_HEADERS 1
| #define HAVE_SYS_TYPES_H 1
| #define HAVE_SYS_STAT_H 1
| #define HAVE_STDLIB_H 1
| #define HAVE_STRING_H 1
| #define HAVE_MEMORY_H 1
| #define HAVE_STRINGS_H 1
| #define HAVE_INTTYPES_H 1
| #define HAVE_STDINT_H 1
| #define HAVE_UNISTD_H 1
| #define HAVE_DLFCN_H 1
| #define LT_OBJDIR ".libs/"
| #define PACKAGE "ltrace"
| #define VERSION "0.7.3"
| #define HAVE_ELF_H 1
| #define HAVE_GELF_H 1
| #define HAVE_LIBELF 1
| #define HAVE_LIBIBERTY 1
| #define HAVE_LIBSUPC__ 1
| #define HAVE_LIBSTDC__ 1
| #define HAVE_LIBUNWIND_H 1
| #define HAVE_LIBUNWIND_PTRACE_H 1
| #define HAVE_LIBUNWIND 1
| #define HAVE_ELF_C_READ_MMAP 1
| #define ELF_HASH_TAKES_CHARP 1
| #define HAVE_FCNTL_H 1
| #define HAVE_LIMITS_H 1
| #define HAVE_STDDEF_H 1
| #define HAVE_STDINT_H 1
| #define HAVE_STDLIB_H 1
| #define HAVE_STRING_H 1
| #define HAVE_SYS_IOCTL_H 1
| #define HAVE_SYS_PARAM_H 1
| #define HAVE_SYS_TIME_H 1
| #define HAVE_UNISTD_H 1
| #define SIZEOF_LONG 8
| /* end confdefs.h.  */
| #include <stdio.h>
| #ifdef HAVE_SYS_TYPES_H
| # include <sys/types.h>
| #endif
| #ifdef HAVE_SYS_STAT_H
| # include <sys/stat.h>
| #endif
| #ifdef STDC_HEADERS
| # include <stdlib.h>
| # include <stddef.h>
| #else
| # ifdef HAVE_STDLIB_H
| #  include <stdlib.h>
| # endif
| #endif
| #ifdef HAVE_STRING_H
| # if !defined STDC_HEADERS && defined HAVE_MEMORY_H
| #  include <memory.h>
| # endif
| # include <string.h>
| #endif
| #ifdef HAVE_STRINGS_H
| # include <strings.h>
| #endif
| #ifdef HAVE_INTTYPES_H
| # include <inttypes.h>
| #endif
| #ifdef HAVE_STDINT_H
| # include <stdint.h>
| #endif
| #ifdef HAVE_UNISTD_H
| # include <unistd.h>
| #endif
| #include <vfork.h>
configure:12299: result: no
configure:12299: checking vfork.h presence
configure:12299: gcc -E  conftest.c
conftest.c:45:19: fatal error: vfork.h: No such file or directory
 #include <vfork.h>
                   ^
compilation terminated.
configure:12299: $? = 1
configure: failed program was:
| /* confdefs.h */
| #define PACKAGE_NAME "ltrace"
| #define PACKAGE_TARNAME "ltrace"
| #define PACKAGE_VERSION "0.7.3"
| #define PACKAGE_STRING "ltrace 0.7.3"
| #define PACKAGE_BUGREPORT "ltrace-devel@lists.alioth.debian.org"
| #define PACKAGE_URL ""
| #define STDC_HEADERS 1
| #define HAVE_SYS_TYPES_H 1
| #define HAVE_SYS_STAT_H 1
| #define HAVE_STDLIB_H 1
| #define HAVE_STRING_H 1
| #define HAVE_MEMORY_H 1
| #define HAVE_STRINGS_H 1
| #define HAVE_INTTYPES_H 1
| #define HAVE_STDINT_H 1
| #define HAVE_UNISTD_H 1
| #define HAVE_DLFCN_H 1
| #define LT_OBJDIR ".libs/"
| #define PACKAGE "ltrace"
| #define VERSION "0.7.3"
| #define HAVE_ELF_H 1
| #define HAVE_GELF_H 1
| #define HAVE_LIBELF 1
| #define HAVE_LIBIBERTY 1
| #define HAVE_LIBSUPC__ 1
| #define HAVE_LIBSTDC__ 1
| #define HAVE_LIBUNWIND_H 1
| #define HAVE_LIBUNWIND_PTRACE_H 1
| #define HAVE_LIBUNWIND 1
| #define HAVE_ELF_C_READ_MMAP 1
| #define ELF_HASH_TAKES_CHARP 1
| #define HAVE_FCNTL_H 1
| #define HAVE_LIMITS_H 1
| #define HAVE_STDDEF_H 1
| #define HAVE_STDINT_H 1
| #define HAVE_STDLIB_H 1
| #define HAVE_STRING_H 1
| #define HAVE_SYS_IOCTL_H 1
| #define HAVE_SYS_PARAM_H 1
| #define HAVE_SYS_TIME_H 1
| #define HAVE_UNISTD_H 1
| #define SIZEOF_LONG 8
| /* end confdefs.h.  */
| #include <vfork.h>
configure:12299: result: no
configure:12299: checking for vfork.h
configure:12299: result: no
configure:12312: checking for fork
configure:12312: gcc -o conftest -g -O2   conftest.c -lelf  >&5
conftest.c:68:6: warning: conflicting types for built-in function 'fork'
 char fork ();
      ^~~~
configure:12312: $? = 0
configure:12312: result: yes
configure:12312: checking for vfork
configure:12312: gcc -o conftest -g -O2   conftest.c -lelf  >&5
configure:12312: $? = 0
configure:12312: result: yes
configure:12322: checking for working fork
configure:12344: gcc -o conftest -g -O2   conftest.c -lelf  >&5
configure:12344: $? = 0
configure:12344: ./conftest
configure:12344: $? = 0
configure:12354: result: yes
configure:12375: checking for working vfork
configure:12485: result: yes
configure:12526: checking for alarm
configure:12526: gcc -o conftest -g -O2   conftest.c -lelf  >&5
configure:12526: $? = 0
configure:12526: result: yes
configure:12526: checking for atexit
configure:12526: gcc -o conftest -g -O2   conftest.c -lelf  >&5
configure:12526: $? = 0
configure:12526: result: yes
configure:12526: checking for getcwd
configure:12526: gcc -o conftest -g -O2   conftest.c -lelf  >&5
configure:12526: $? = 0
configure:12526: result: yes
configure:12526: checking for gettimeofday
configure:12526: gcc -o conftest -g -O2   conftest.c -lelf  >&5
configure:12526: $? = 0
configure:12526: result: yes
configure:12526: checking for memset
configure:12526: gcc -o conftest -g -O2   conftest.c -lelf  >&5
conftest.c:76:6: warning: conflicting types for built-in function 'memset'
 char memset ();
      ^~~~~~
configure:12526: $? = 0
configure:12526: result: yes
configure:12526: checking for mkdir
configure:12526: gcc -o conftest -g -O2   conftest.c -lelf  >&5
configure:12526: $? = 0
configure:12526: result: yes
configure:12526: checking for rmdir
configure:12526: gcc -o conftest -g -O2   conftest.c -lelf  >&5
configure:12526: $? = 0
configure:12526: result: yes
configure:12526: checking for strchr
configure:12526: gcc -o conftest -g -O2   conftest.c -lelf  >&5
conftest.c:79:6: warning: conflicting types for built-in function 'strchr'
 char strchr ();
      ^~~~~~
configure:12526: $? = 0
configure:12526: result: yes
configure:12526: checking for strdup
configure:12526: gcc -o conftest -g -O2   conftest.c -lelf  >&5
conftest.c:80:6: warning: conflicting types for built-in function 'strdup'
 char strdup ();
      ^~~~~~
configure:12526: $? = 0
configure:12526: result: yes
configure:12526: checking for strerror
configure:12526: gcc -o conftest -g -O2   conftest.c -lelf  >&5
configure:12526: $? = 0
configure:12526: result: yes
configure:12526: checking for strtol
configure:12526: gcc -o conftest -g -O2   conftest.c -lelf  >&5
configure:12526: $? = 0
configure:12526: result: yes
configure:12526: checking for strtoul
configure:12526: gcc -o conftest -g -O2   conftest.c -lelf  >&5
configure:12526: $? = 0
configure:12526: result: yes
configure:12540: checking whether to enable debugging
configure:12552: result: no
configure:12778: creating ./config.status

## ---------------------- ##
## Running config.status. ##
## ---------------------- ##

This file was extended by ltrace config.status 0.7.3, which was
generated by GNU Autoconf 2.68.  Invocation command line was

  CONFIG_FILES    = 
  CONFIG_HEADERS  = 
  CONFIG_LINKS    = 
  CONFIG_COMMANDS = 
  $ ./config.status 

on universalpackagemanager-pc

config.status:1158: creating Makefile
config.status:1158: creating sysdeps/Makefile
config.status:1158: creating sysdeps/linux-gnu/Makefile
config.status:1158: creating sysdeps/linux-gnu/alpha/Makefile
config.status:1158: creating sysdeps/linux-gnu/arm/Makefile
config.status:1158: creating sysdeps/linux-gnu/cris/Makefile
config.status:1158: creating sysdeps/linux-gnu/ia64/Makefile
config.status:1158: creating sysdeps/linux-gnu/m68k/Makefile
config.status:1158: creating sysdeps/linux-gnu/mips/Makefile
config.status:1158: creating sysdeps/linux-gnu/ppc/Makefile
config.status:1158: creating sysdeps/linux-gnu/s390/Makefile
config.status:1158: creating sysdeps/linux-gnu/sparc/Makefile
config.status:1158: creating sysdeps/linux-gnu/x86/Makefile
config.status:1158: creating testsuite/Makefile
config.status:1158: creating testsuite/ltrace.main/Makefile
config.status:1158: creating testsuite/ltrace.minor/Makefile
config.status:1158: creating testsuite/ltrace.torture/Makefile
config.status:1158: creating config.h
config.status:1387: executing libtool commands
config.status:1387: executing depfiles commands

## ---------------- ##
## Cache variables. ##
## ---------------- ##

ac_cv_build=x86_64-unknown-linux-gnu
ac_cv_c_compiler_gnu=yes
ac_cv_c_inline=inline
ac_cv_env_CC_set=
ac_cv_env_CC_value=
ac_cv_env_CFLAGS_set=
ac_cv_env_CFLAGS_value=
ac_cv_env_CPPFLAGS_set=
ac_cv_env_CPPFLAGS_value=
ac_cv_env_CPP_set=
ac_cv_env_CPP_value=
ac_cv_env_LDFLAGS_set=
ac_cv_env_LDFLAGS_value=
ac_cv_env_LIBS_set=
ac_cv_env_LIBS_value=
ac_cv_env_build_alias_set=
ac_cv_env_build_alias_value=
ac_cv_env_host_alias_set=
ac_cv_env_host_alias_value=
ac_cv_env_target_alias_set=
ac_cv_env_target_alias_value=
ac_cv_func_alarm=yes
ac_cv_func_atexit=yes
ac_cv_func_fork=yes
ac_cv_func_fork_works=yes
ac_cv_func_getcwd=yes
ac_cv_func_gettimeofday=yes
ac_cv_func_memset=yes
ac_cv_func_mkdir=yes
ac_cv_func_rmdir=yes
ac_cv_func_strchr=yes
ac_cv_func_strdup=yes
ac_cv_func_strerror=yes
ac_cv_func_strtol=yes
ac_cv_func_strtoul=yes
ac_cv_func_vfork=yes
ac_cv_func_vfork_works=yes
ac_cv_header_dlfcn_h=yes
ac_cv_header_elf_h=yes
ac_cv_header_fcntl_h=yes
ac_cv_header_gelf_h=yes
ac_cv_header_inttypes_h=yes
ac_cv_header_libunwind_h=yes
ac_cv_header_libunwind_ptrace_h=yes
ac_cv_header_limits_h=yes
ac_cv_header_memory_h=yes
ac_cv_header_selinux_selinux_h=no
ac_cv_header_stdc=yes
ac_cv_header_stddef_h=yes
ac_cv_header_stdint_h=yes
ac_cv_header_stdlib_h=yes
ac_cv_header_string_h=yes
ac_cv_header_strings_h=yes
ac_cv_header_sys_ioctl_h=yes
ac_cv_header_sys_param_h=yes
ac_cv_header_sys_stat_h=yes
ac_cv_header_sys_time_h=yes
ac_cv_header_sys_types_h=yes
ac_cv_header_unistd_h=yes
ac_cv_header_vfork_h=no
ac_cv_host=x86_64-unknown-linux-gnu
ac_cv_lib_elf_elf_begin=yes
ac_cv_lib_error_at_line=yes
ac_cv_lib_iberty_cplus_demangle=yes
ac_cv_lib_selinux_security_get_boolean_active=no
ac_cv_lib_stdcpp___cxa_demangle=yes
ac_cv_lib_supcpp___cxa_demangle=yes
ac_cv_lib_unwind_backtrace=yes
ac_cv_lib_unwind_ptrace__UPT_create=yes
ac_cv_lib_unwind_x86_64____Ux86_64_init_remote=yes
ac_cv_objext=o
ac_cv_path_EGREP='/usr/bin/grep -E'
ac_cv_path_FGREP='/usr/bin/grep -F'
ac_cv_path_GREP=/usr/bin/grep
ac_cv_path_SED=/usr/bin/sed
ac_cv_path_install='/usr/bin/install -c'
ac_cv_path_mkdir=/usr/bin/mkdir
ac_cv_prog_AWK=gawk
ac_cv_prog_CPP='gcc -E'
ac_cv_prog_ac_ct_AR=ar
ac_cv_prog_ac_ct_CC=gcc
ac_cv_prog_ac_ct_OBJDUMP=objdump
ac_cv_prog_ac_ct_RANLIB=ranlib
ac_cv_prog_ac_ct_STRIP=strip
ac_cv_prog_cc_c89=
ac_cv_prog_cc_g=yes
ac_cv_prog_make_make_set=yes
ac_cv_sizeof_long=8
ac_cv_type_pid_t=yes
ac_cv_type_size_t=yes
ac_cv_type_uid_t=yes
am_cv_CC_dependencies_compiler_type=gcc3
lt_cv_ar_at_file=@
lt_cv_archive_cmds_need_lc=no
lt_cv_deplibs_check_method=pass_all
lt_cv_file_magic_cmd='$MAGIC_CMD'
lt_cv_file_magic_test_file=
lt_cv_ld_reload_flag=-r
lt_cv_nm_interface='BSD nm'
lt_cv_objdir=.libs
lt_cv_path_LD=/usr/bin/ld
lt_cv_path_NM='/usr/bin/nm -B'
lt_cv_path_mainfest_tool=no
lt_cv_prog_compiler_c_o=yes
lt_cv_prog_compiler_pic='-fPIC -DPIC'
lt_cv_prog_compiler_pic_works=yes
lt_cv_prog_compiler_rtti_exceptions=no
lt_cv_prog_compiler_static_works=yes
lt_cv_prog_gnu_ld=yes
lt_cv_sharedlib_from_linklib_cmd='printf %s\n'
lt_cv_shlibpath_overrides_runpath=no
lt_cv_sys_global_symbol_pipe='sed -n -e '\''s/^.*[	 ]\([ABCDGIRSTW][ABCDGIRSTW]*\)[	 ][	 ]*\([_A-Za-z][_A-Za-z0-9]*\)$/\1 \2 \2/p'\'' | sed '\''/ __gnu_lto/d'\'''
lt_cv_sys_global_symbol_to_c_name_address='sed -n -e '\''s/^: \([^ ]*\)[ ]*$/  {\"\1\", (void *) 0},/p'\'' -e '\''s/^[ABCDGIRSTW]* \([^ ]*\) \([^ ]*\)$/  {"\2", (void *) \&\2},/p'\'''
lt_cv_sys_global_symbol_to_c_name_address_lib_prefix='sed -n -e '\''s/^: \([^ ]*\)[ ]*$/  {\"\1\", (void *) 0},/p'\'' -e '\''s/^[ABCDGIRSTW]* \([^ ]*\) \(lib[^ ]*\)$/  {"\2", (void *) \&\2},/p'\'' -e '\''s/^[ABCDGIRSTW]* \([^ ]*\) \([^ ]*\)$/  {"lib\2", (void *) \&\2},/p'\'''
lt_cv_sys_global_symbol_to_cdecl='sed -n -e '\''s/^T .* \(.*\)$/extern int \1();/p'\'' -e '\''s/^[ABCDGIRSTW]* .* \(.*\)$/extern char \1;/p'\'''
lt_cv_sys_max_cmd_len=1572864
lt_cv_to_host_file_cmd=func_convert_file_noop
lt_cv_to_tool_file_cmd=func_convert_file_noop

## ----------------- ##
## Output variables. ##
## ----------------- ##

ACLOCAL='${SHELL} /home/universalpackagemanager/UPM/Sources/ltrace-0.7.3/config/autoconf/missing --run aclocal-1.11'
AMDEPBACKSLASH='\'
AMDEP_FALSE='#'
AMDEP_TRUE=''
AMTAR='${SHELL} /home/universalpackagemanager/UPM/Sources/ltrace-0.7.3/config/autoconf/missing --run tar'
AM_CFLAGS=' -Wall -Wsign-compare -Wfloat-equal -Wformat-security -Werror'
AM_CPPFLAGS=' 	 	-I$(top_srcdir)/sysdeps/linux-gnu/x86 	-I$(top_srcdir)/sysdeps/linux-gnu 	-I$(top_srcdir)/sysdeps 	-I$(top_srcdir) '
AM_LDFLAGS=''
AR='ar'
AUTOCONF='${SHELL} /home/universalpackagemanager/UPM/Sources/ltrace-0.7.3/config/autoconf/missing --run autoconf'
AUTOHEADER='${SHELL} /home/universalpackagemanager/UPM/Sources/ltrace-0.7.3/config/autoconf/missing --run autoheader'
AUTOMAKE='${SHELL} /home/universalpackagemanager/UPM/Sources/ltrace-0.7.3/config/autoconf/missing --run automake-1.11'
AWK='gawk'
CC='gcc'
CCDEPMODE='depmode=gcc3'
CFLAGS='-g -O2'
CPP='gcc -E'
CPPFLAGS=''
CYGPATH_W='echo'
DEFS='-DHAVE_CONFIG_H'
DEPDIR='.deps'
DLLTOOL='false'
DSYMUTIL=''
DUMPBIN=''
ECHO_C=''
ECHO_N='-n'
ECHO_T=''
EGREP='/usr/bin/grep -E'
EXEEXT=''
FGREP='/usr/bin/grep -F'
GREP='/usr/bin/grep'
HAVE_VALGRIND=''
HOST_CPU='x86'
HOST_OS='linux-gnu'
INSTALL_DATA='${INSTALL} -m 644'
INSTALL_PROGRAM='${INSTALL}'
INSTALL_SCRIPT='${INSTALL}'
INSTALL_STRIP_PROGRAM='$(install_sh) -c -s'
LD='/usr/bin/ld -m elf_x86_64'
LDFLAGS=''
LIBOBJS=''
LIBS='-lelf '
LIBTOOL='$(SHELL) $(top_builddir)/libtool'
LIPO=''
LN_S='ln -s'
LTLIBOBJS=''
MAINT='#'
MAINTAINER_MODE_FALSE=''
MAINTAINER_MODE_TRUE='#'
MAKEINFO='${SHELL} /home/universalpackagemanager/UPM/Sources/ltrace-0.7.3/config/autoconf/missing --run makeinfo'
MANIFEST_TOOL=':'
MKDIR_P='/usr/bin/mkdir -p'
NM='/usr/bin/nm -B'
NMEDIT=''
OBJDUMP='objdump'
OBJEXT='o'
OTOOL64=''
OTOOL=''
PACKAGE='ltrace'
PACKAGE_BUGREPORT='ltrace-devel@lists.alioth.debian.org'
PACKAGE_NAME='ltrace'
PACKAGE_STRING='ltrace 0.7.3'
PACKAGE_TARNAME='ltrace'
PACKAGE_URL=''
PACKAGE_VERSION='0.7.3'
PATH_SEPARATOR=':'
RANLIB='ranlib'
SED='/usr/bin/sed'
SET_MAKE=''
SHELL='/bin/sh'
STRIP='strip'
USE_VALGRIND_FALSE=''
USE_VALGRIND_TRUE='#'
VERSION='0.7.3'
ac_ct_AR='ar'
ac_ct_CC='gcc'
ac_ct_DUMPBIN=''
am__EXEEXT_FALSE=''
am__EXEEXT_TRUE='#'
am__fastdepCC_FALSE='#'
am__fastdepCC_TRUE=''
am__include='include'
am__isrc=''
am__leading_dot='.'
am__quote=''
am__tar='${AMTAR} chof - "$$tardir"'
am__untar='${AMTAR} xf -'
bindir='${exec_prefix}/bin'
build='x86_64-unknown-linux-gnu'
build_alias=''
build_cpu='x86_64'
build_os='linux-gnu'
build_vendor='unknown'
datadir='${datarootdir}'
datarootdir='${prefix}/share'
docdir='${datarootdir}/doc/${PACKAGE_TARNAME}'
dvidir='${docdir}'
exec_prefix='${prefix}'
host='x86_64-unknown-linux-gnu'
host_alias=''
host_cpu='x86_64'
host_os='linux-gnu'
host_vendor='unknown'
htmldir='${docdir}'
includedir='${prefix}/include'
infodir='${datarootdir}/info'
install_sh='${SHELL} /home/universalpackagemanager/UPM/Sources/ltrace-0.7.3/config/autoconf/install-sh'
libdir='${exec_prefix}/lib'
libelf_LD_LIBRARY_PATH=''
liberty_LIBS='-liberty'
libexecdir='${exec_prefix}/libexec'
libstdcxx_LIBS='-lstdc++'
libsupcxx_LIBS='-lsupc++'
libunwind_LD_LIBRARY_PATH=''
libunwind_LIBS='-lunwind-ptrace -lunwind-x86_64 -lunwind'
localedir='${datarootdir}/locale'
localstatedir='${prefix}/var'
mandir='${datarootdir}/man'
mkdir_p='/usr/bin/mkdir -p'
oldincludedir='/usr/include'
pdfdir='${docdir}'
prefix='/usr/local'
program_transform_name='s,x,x,'
psdir='${docdir}'
sbindir='${exec_prefix}/sbin'
sharedstatedir='${prefix}/com'
sysconfdir='${prefix}/etc'
target_alias=''

## ----------- ##
## confdefs.h. ##
## ----------- ##

/* confdefs.h */
#define PACKAGE_NAME "ltrace"
#define PACKAGE_TARNAME "ltrace"
#define PACKAGE_VERSION "0.7.3"
#define PACKAGE_STRING "ltrace 0.7.3"
#define PACKAGE_BUGREPORT "ltrace-devel@lists.alioth.debian.org"
#define PACKAGE_URL ""
#define STDC_HEADERS 1
#define HAVE_SYS_TYPES_H 1
#define HAVE_SYS_STAT_H 1
#define HAVE_STDLIB_H 1
#define HAVE_STRING_H 1
#define HAVE_MEMORY_H 1
#define HAVE_STRINGS_H 1
#define HAVE_INTTYPES_H 1
#define HAVE_STDINT_H 1
#define HAVE_UNISTD_H 1
#define HAVE_DLFCN_H 1
#define LT_OBJDIR ".libs/"
#define PACKAGE "ltrace"
#define VERSION "0.7.3"
#define HAVE_ELF_H 1
#define HAVE_GELF_H 1
#define HAVE_LIBELF 1
#define HAVE_LIBIBERTY 1
#define HAVE_LIBSUPC__ 1
#define HAVE_LIBSTDC__ 1
#define HAVE_LIBUNWIND_H 1
#define HAVE_LIBUNWIND_PTRACE_H 1
#define HAVE_LIBUNWIND 1
#define HAVE_ELF_C_READ_MMAP 1
#define ELF_HASH_TAKES_CHARP 1
#define HAVE_FCNTL_H 1
#define HAVE_LIMITS_H 1
#define HAVE_STDDEF_H 1
#define HAVE_STDINT_H 1
#define HAVE_STDLIB_H 1
#define HAVE_STRING_H 1
#define HAVE_SYS_IOCTL_H 1
#define HAVE_SYS_PARAM_H 1
#define HAVE_SYS_TIME_H 1
#define HAVE_UNISTD_H 1
#define SIZEOF_LONG 8
#define HAVE_FORK 1
#define HAVE_VFORK 1
#define HAVE_WORKING_VFORK 1
#define HAVE_WORKING_FORK 1
#define HAVE_ALARM 1
#define HAVE_ATEXIT 1
#define HAVE_GETCWD 1
#define HAVE_GETTIMEOFDAY 1
#define HAVE_MEMSET 1
#define HAVE_MKDIR 1
#define HAVE_RMDIR 1
#define HAVE_STRCHR 1
#define HAVE_STRDUP 1
#define HAVE_STRERROR 1
#define HAVE_STRTOL 1
#define HAVE_STRTOUL 1

configure: exit 0
